<?xml version="1.0" encoding="UTF-8"?><testrun name="TestRunner (1)" project="APIFramework" tests="1" started="1" failures="0" errors="1" ignored="0">
  <testsuite name="cucumber.Options.TestRunner" time="0.0">
    <testcase name="initializationError" classname="cucumber.Options.TestRunner" time="0.0">
      <error>java.lang.annotation.AnnotationTypeMismatchException: Incorrectly typed data found for annotation element public abstract java.lang.String io.cucumber.junit.CucumberOptions.tags() (Found data of type Array with component tag: s)&#13;
	at java.base/sun.reflect.annotation.AnnotationTypeMismatchExceptionProxy.generateException(AnnotationTypeMismatchExceptionProxy.java:59)&#13;
	at java.base/sun.reflect.annotation.AnnotationInvocationHandler.invoke(AnnotationInvocationHandler.java:89)&#13;
	at jdk.proxy2/jdk.proxy2.$Proxy3.tags(Unknown Source)&#13;
	at io.cucumber.junit.JUnitCucumberOptionsProvider$JunitCucumberOptions.tags(JUnitCucumberOptionsProvider.java:66)&#13;
	at io.cucumber.core.options.CucumberOptionsAnnotationParser.addTags(CucumberOptionsAnnotationParser.java:72)&#13;
	at io.cucumber.core.options.CucumberOptionsAnnotationParser.parse(CucumberOptionsAnnotationParser.java:38)&#13;
	at io.cucumber.junit.Cucumber.&lt;init&gt;(Cucumber.java:120)&#13;
	at java.base/jdk.internal.reflect.DirectConstructorHandleAccessor.newInstance(DirectConstructorHandleAccessor.java:62)&#13;
	at java.base/java.lang.reflect.Constructor.newInstanceWithCaller(Constructor.java:502)&#13;
	at java.base/java.lang.reflect.Constructor.newInstance(Constructor.java:486)&#13;
	at org.junit.internal.builders.AnnotatedBuilder.buildRunner(AnnotatedBuilder.java:104)&#13;
	at org.junit.internal.builders.AnnotatedBuilder.runnerForClass(AnnotatedBuilder.java:86)&#13;
	at org.junit.runners.model.RunnerBuilder.safeRunnerForClass(RunnerBuilder.java:70)&#13;
	at org.junit.internal.builders.AllDefaultPossibilitiesBuilder.runnerForClass(AllDefaultPossibilitiesBuilder.java:37)&#13;
	at org.junit.runners.model.RunnerBuilder.safeRunnerForClass(RunnerBuilder.java:70)&#13;
	at org.junit.internal.requests.ClassRequest.createRunner(ClassRequest.java:28)&#13;
	at org.junit.internal.requests.MemoizingRequest.getRunner(MemoizingRequest.java:19)&#13;
	at org.eclipse.jdt.internal.junit4.runner.JUnit4TestLoader.createUnfilteredTest(JUnit4TestLoader.java:90)&#13;
	at org.eclipse.jdt.internal.junit4.runner.JUnit4TestLoader.createTest(JUnit4TestLoader.java:76)&#13;
	at org.eclipse.jdt.internal.junit4.runner.JUnit4TestLoader.loadTests(JUnit4TestLoader.java:49)&#13;
	at org.eclipse.jdt.internal.junit.runner.RemoteTestRunner.runTests(RemoteTestRunner.java:513)&#13;
	at org.eclipse.jdt.internal.junit.runner.RemoteTestRunner.runTests(RemoteTestRunner.java:757)&#13;
	at org.eclipse.jdt.internal.junit.runner.RemoteTestRunner.run(RemoteTestRunner.java:452)&#13;
	at org.eclipse.jdt.internal.junit.runner.RemoteTestRunner.main(RemoteTestRunner.java:210)&#13;
&#13;
</error>
    </testcase>
  </testsuite>
</testrun>
