<?xml version="1.0" encoding="UTF-8"?>
<testng-results ignored="0" total="1" passed="1" failed="0" skipped="0">
  <reporter-output>
  </reporter-output>
  <suite started-at="2024-02-22T23:52:51 AST" name="Default suite" finished-at="2024-02-22T23:52:51 AST" duration-ms="25">
    <groups>
    </groups>
    <test started-at="2024-02-22T23:52:51 AST" name="Default test" finished-at="2024-02-22T23:52:51 AST" duration-ms="25">
      <class name="PS1">
        <test-method is-config="true" signature="beforeRun()[pri:0, instance:PS1@3e84448c]" started-at="2024-02-22T23:52:51 AST" name="beforeRun" finished-at="2024-02-22T23:52:51 AST" duration-ms="3" status="PASS">
          <reporter-output>
          </reporter-output>
        </test-method> <!-- beforeRun -->
        <test-method signature="testRun()[pri:0, instance:PS1@3e84448c]" started-at="2024-02-22T23:52:51 AST" name="testRun" finished-at="2024-02-22T23:52:51 AST" duration-ms="4" status="PASS">
          <reporter-output>
          </reporter-output>
        </test-method> <!-- testRun -->
        <test-method is-config="true" signature="afterTest()[pri:0, instance:PS1@3e84448c]" started-at="2024-02-22T23:52:51 AST" name="afterTest" finished-at="2024-02-22T23:52:51 AST" duration-ms="0" status="PASS">
          <reporter-output>
          </reporter-output>
        </test-method> <!-- afterTest -->
      </class> <!-- PS1 -->
    </test> <!-- Default test -->
  </suite> <!-- Default suite -->
</testng-results>
