<?xml version="1.0" encoding="UTF-8"?>
<!-- Generated by org.testng.reporters.JUnitXMLReporter -->
<testsuite ignored="0" hostname="IT-DEV-22" failures="0" tests="5" name="Default test" time="0.065" errors="0" timestamp="2024-02-21T23:20:31 AST">
  <testcase classname="test.Day3" name="MobileLogincarLoan" time="0.008"/>
  <testcase classname="test.Day3" name="WebLoginCarLoan" time="0.002"/>
  <testcase classname="test.Day3" name="MobileSignIncarLoan" time="0.0"/>
  <testcase classname="test.Day3" name="MobileSignOutcarLoan" time="0.001"/>
  <testcase classname="test.Day3" name="APICarLoan" time="0.001"/>
</testsuite> <!-- Default test -->
