<?xml version="1.0" encoding="UTF-8"?>
<testng-results ignored="3" total="11" passed="8" failed="0" skipped="0">
  <reporter-output>
  </reporter-output>
  <suite started-at="2024-02-22T08:06:53 AST" name="Loan Department" finished-at="2024-02-22T08:06:53 AST" duration-ms="159">
    <groups>
      <group name="smoke">
        <method signature="Day4.MobileLoginHomeLoan()[pri:0, instance:test.Day4@53fdffa1]" name="MobileLoginHomeLoan" class="test.Day4"/>
      </group> <!-- smoke -->
    </groups>
    <test started-at="2024-02-22T08:06:53 AST" name="Personal Loan" finished-at="2024-02-22T08:06:53 AST" duration-ms="23">
      <class name="test.Day1">
        <test-method signature="Demo()[pri:0, instance:test.Day1@5fbdfdcf]" started-at="2024-02-22T08:06:53 AST" name="Demo" finished-at="2024-02-22T08:06:53 AST" duration-ms="2" status="PASS">
          <reporter-output>
          </reporter-output>
        </test-method> <!-- Demo -->
        <test-method is-config="true" signature="lastexecution()[pri:0, instance:test.Day1@5fbdfdcf]" started-at="2024-02-22T08:06:53 AST" name="lastexecution" finished-at="2024-02-22T08:06:53 AST" duration-ms="0" status="PASS">
          <reporter-output>
          </reporter-output>
        </test-method> <!-- lastexecution -->
      </class> <!-- test.Day1 -->
      <class name="test.Day2">
        <test-method is-config="true" signature="prerequest()[pri:0, instance:test.Day2@4d465b11]" started-at="2024-02-22T08:06:53 AST" name="prerequest" finished-at="2024-02-22T08:06:53 AST" duration-ms="0" status="PASS">
          <reporter-output>
          </reporter-output>
        </test-method> <!-- prerequest -->
        <test-method signature="ploan()[pri:0, instance:test.Day2@4d465b11]" started-at="2024-02-22T08:06:53 AST" name="ploan" finished-at="2024-02-22T08:06:53 AST" duration-ms="1" status="PASS">
          <reporter-output>
          </reporter-output>
        </test-method> <!-- ploan -->
      </class> <!-- test.Day2 -->
      <class name="test.Day4">
        <test-method signature="LoginAPIHomeLoan()[pri:0, instance:test.Day4@53fdffa1]" started-at="2024-02-22T08:06:53 AST" name="LoginAPIHomeLoan" finished-at="2024-02-22T08:06:53 AST" duration-ms="0" status="PASS">
          <reporter-output>
          </reporter-output>
        </test-method> <!-- LoginAPIHomeLoan -->
        <test-method signature="MobileLoginHomeLoan()[pri:0, instance:test.Day4@53fdffa1]" started-at="2024-02-22T08:06:53 AST" name="MobileLoginHomeLoan" finished-at="2024-02-22T08:06:53 AST" duration-ms="0" status="PASS">
          <reporter-output>
          </reporter-output>
        </test-method> <!-- MobileLoginHomeLoan -->
        <test-method signature="WebLoginHomeLoan()[pri:0, instance:test.Day4@53fdffa1]" started-at="2024-02-22T08:06:53 AST" name="WebLoginHomeLoan" finished-at="2024-02-22T08:06:53 AST" duration-ms="0" status="PASS">
          <reporter-output>
          </reporter-output>
        </test-method> <!-- WebLoginHomeLoan -->
      </class> <!-- test.Day4 -->
    </test> <!-- Personal Loan -->
    <test started-at="2024-02-22T08:06:53 AST" name="Car Loan" finished-at="2024-02-22T08:06:53 AST" duration-ms="4">
      <class name="test.Day1">
        <test-method is-config="true" signature="Afsuite()[pri:0, instance:test.Day1@5fbdfdcf]" started-at="2024-02-22T08:06:53 AST" name="Afsuite" finished-at="2024-02-22T08:06:53 AST" duration-ms="1" status="PASS">
          <reporter-output>
          </reporter-output>
        </test-method> <!-- Afsuite -->
      </class> <!-- test.Day1 -->
      <class name="test.Day3">
        <test-method is-config="true" signature="Bfsuite()[pri:0, instance:test.Day3@316bcf94]" started-at="2024-02-22T08:06:53 AST" name="Bfsuite" finished-at="2024-02-22T08:06:53 AST" duration-ms="4" status="PASS">
          <reporter-output>
          </reporter-output>
        </test-method> <!-- Bfsuite -->
        <test-method is-config="true" signature="beforeevery()[pri:0, instance:test.Day3@316bcf94]" started-at="2024-02-22T08:06:53 AST" name="beforeevery" finished-at="2024-02-22T08:06:53 AST" duration-ms="1" status="PASS">
          <reporter-output>
          </reporter-output>
        </test-method> <!-- beforeevery -->
        <test-method signature="MobileLogincarLoan()[pri:0, instance:test.Day3@316bcf94]" started-at="2024-02-22T08:06:53 AST" name="MobileLogincarLoan" finished-at="2024-02-22T08:06:53 AST" duration-ms="1" status="PASS">
          <reporter-output>
          </reporter-output>
        </test-method> <!-- MobileLogincarLoan -->
        <test-method is-config="true" signature="beforeevery()[pri:0, instance:test.Day3@316bcf94]" started-at="2024-02-22T08:06:53 AST" name="beforeevery" finished-at="2024-02-22T08:06:53 AST" duration-ms="1" status="PASS">
          <reporter-output>
          </reporter-output>
        </test-method> <!-- beforeevery -->
        <test-method is-config="true" signature="beforeevery()[pri:0, instance:test.Day3@316bcf94]" started-at="2024-02-22T08:06:53 AST" name="beforeevery" finished-at="2024-02-22T08:06:53 AST" duration-ms="1" status="PASS">
          <reporter-output>
          </reporter-output>
        </test-method> <!-- beforeevery -->
        <test-method signature="MobileSignOutcarLoan()[pri:0, instance:test.Day3@316bcf94]" started-at="2024-02-22T08:06:53 AST" name="MobileSignOutcarLoan" finished-at="2024-02-22T08:06:53 AST" duration-ms="0" status="PASS">
          <reporter-output>
          </reporter-output>
        </test-method> <!-- MobileSignOutcarLoan -->
        <test-method signature="WebLoginCarLoan()[pri:0, instance:test.Day3@316bcf94]" started-at="2024-02-22T08:06:53 AST" name="WebLoginCarLoan" finished-at="2024-02-22T08:06:53 AST" duration-ms="0" status="PASS">
          <reporter-output>
          </reporter-output>
        </test-method> <!-- WebLoginCarLoan -->
      </class> <!-- test.Day3 -->
    </test> <!-- Car Loan -->
  </suite> <!-- Loan Department -->
</testng-results>
