<?xml version="1.0" encoding="UTF-8"?>
<testng-results ignored="0" total="1" passed="1" failed="0" skipped="0">
  <reporter-output>
  </reporter-output>
  <suite started-at="2024-02-28T16:35:38 AST" name="Default suite" finished-at="2024-02-28T16:35:52 AST" duration-ms="13908">
    <groups>
    </groups>
    <test started-at="2024-02-28T16:35:38 AST" name="Default test" finished-at="2024-02-28T16:35:52 AST" duration-ms="13908">
      <class name="ShadiTestProject.SeleniumWorkFrameDesign.tests.SubmitOrderTest">
        <test-method is-config="true" signature="launchApplication()[pri:0, instance:ShadiTestProject.SeleniumWorkFrameDesign.tests.SubmitOrderTest@2e6a8155]" started-at="2024-02-28T16:35:38 AST" name="launchApplication" finished-at="2024-02-28T16:35:47 AST" duration-ms="8410" status="PASS">
          <reporter-output>
          </reporter-output>
        </test-method> <!-- launchApplication -->
        <test-method signature="submitOrder()[pri:0, instance:ShadiTestProject.SeleniumWorkFrameDesign.tests.SubmitOrderTest@2e6a8155]" started-at="2024-02-28T16:35:47 AST" name="submitOrder" finished-at="2024-02-28T16:35:52 AST" duration-ms="5386" status="PASS">
          <reporter-output>
          </reporter-output>
        </test-method> <!-- submitOrder -->
        <test-method is-config="true" signature="tearDown()[pri:0, instance:ShadiTestProject.SeleniumWorkFrameDesign.tests.SubmitOrderTest@2e6a8155]" started-at="2024-02-28T16:35:52 AST" name="tearDown" finished-at="2024-02-28T16:35:52 AST" duration-ms="87" status="PASS">
          <reporter-output>
          </reporter-output>
        </test-method> <!-- tearDown -->
      </class> <!-- ShadiTestProject.SeleniumWorkFrameDesign.tests.SubmitOrderTest -->
    </test> <!-- Default test -->
  </suite> <!-- Default suite -->
</testng-results>
