<?xml version="1.0" encoding="UTF-8"?>
<!-- Generated by org.testng.reporters.JUnitXMLReporter -->
<testsuite ignored="2" hostname="IT-DEV-22" failures="0" tests="3" name="Car Loan" time="0.004" errors="0" timestamp="2024-02-22T08:06:53 AST">
  <testcase classname="test.Day3" name="MobileLogincarLoan" time="0.001"/>
  <testcase classname="test.Day3" name="MobileSignOutcarLoan" time="0.0"/>
  <testcase classname="test.Day3" name="WebLoginCarLoan" time="0.0"/>
  <testcase classname="test.Day3" name="MobileSignIncarLoan" time="0.0">
    <ignored/>
  </testcase> <!-- MobileSignIncarLoan -->
  <testcase classname="test.Day3" name="APICarLoan" time="0.0">
    <ignored/>
  </testcase> <!-- APICarLoan -->
</testsuite> <!-- Car Loan -->
