<?xml version="1.0" encoding="UTF-8"?>
<!-- Generated by org.testng.reporters.JUnitXMLReporter -->
<testsuite ignored="1" hostname="IT-DEV-22" failures="0" tests="5" name="Personal Loan" time="0.023" errors="0" timestamp="2024-02-22T08:06:53 AST">
  <testcase classname="test.Day1" name="Demo" time="0.002"/>
  <testcase classname="test.Day2" name="ploan" time="0.001"/>
  <testcase classname="test.Day4" name="LoginAPIHomeLoan" time="0.0"/>
  <testcase classname="test.Day4" name="MobileLoginHomeLoan" time="0.0"/>
  <testcase classname="test.Day4" name="WebLoginHomeLoan" time="0.0"/>
  <testcase classname="test.Day1" name="Demo1" time="0.0">
    <ignored/>
  </testcase> <!-- Demo1 -->
</testsuite> <!-- Personal Loan -->
